{
"C:\\Users\\user\\Desktop\\2CS_SIL-20191014T093738Z-001\\2CS_SIL\\S1\\OUTILS-Outils_GL\\gulpProject\\TP_FOLDER\\exo2\\src\\la_lib.js":{"path":"C:\\Users\\user\\Desktop\\2CS_SIL-20191014T093738Z-001\\2CS_SIL\\S1\\OUTILS-Outils_GL\\gulpProject\\TP_FOLDER\\exo2\\src\\la_lib.js","s":{"1":1,"2":1,"3":1,"4":20,"5":5,"6":20,"7":20,"8":5,"9":22,"10":15,"11":15,"12":0,"13":1,"14":16,"15":1,"16":2,"17":2,"18":7,"19":2,"20":1,"21":17,"22":1,"23":23,"24":23,"25":0,"26":1,"27":1,"28":1,"29":1,"30":1,"31":3,"32":1,"33":0,"34":1,"35":1,"36":1,"37":1,"38":1,"39":3,"40":1,"41":0,"42":1,"43":1,"44":1,"45":1,"46":1,"47":3,"48":1,"49":0,"50":1,"51":1,"52":1,"53":1,"54":3,"55":1,"56":1,"57":7,"58":7,"59":7,"60":22,"61":15,"62":7,"63":7,"64":1,"65":0,"66":0,"67":0,"68":0,"69":0,"70":0,"71":0,"72":1,"73":1,"74":1,"75":1,"76":4,"77":1,"78":1,"79":2,"80":2,"81":2,"82":2,"83":2,"84":6,"85":1,"86":0,"87":2,"88":1,"89":1,"90":1,"91":1,"92":1,"93":3,"94":1,"95":2,"96":1,"97":1,"98":1,"99":1,"100":1,"101":10,"102":1,"103":1,"104":1,"105":0,"106":0,"107":0,"108":0,"109":1,"110":1,"111":1,"112":15,"113":3,"114":15,"115":3,"116":3,"117":3,"118":8,"119":16,"120":8,"121":8,"122":12,"123":15,"124":15,"125":1,"126":28,"127":28,"128":0,"129":1,"130":13,"131":13,"132":0,"133":1,"134":1,"135":1,"136":2,"137":2,"138":4,"139":2,"140":2,"141":1,"142":1,"143":1,"144":1,"145":11,"146":11,"147":11,"148":11,"149":1,"150":1,"151":1,"152":1,"153":3,"154":6,"155":1,"156":0,"157":1,"158":4,"159":4,"160":4,"161":3,"162":8,"163":16,"164":1,"165":1,"166":4,"167":1,"168":1,"169":1,"170":3,"171":6,"172":1,"173":1,"174":1},"b":{"1":[5,15],"2":[5,15],"3":[15,0],"4":[23,0],"5":[23,23],"6":[1,0],"7":[1,0],"8":[1,0],"9":[15,7],"10":[0,0],"11":[0,0],"12":[0,0],"13":[2,0],"14":[1,5],"15":[1,2],"16":[3,12],"17":[3,12],"18":[28,0],"19":[28,28,28,28],"20":[13,0],"21":[13,13,13,13],"22":[2,2],"23":[1,1],"24":[1,0],"25":[1,1],"26":[3,1],"27":[4,3],"28":[1,15]},"f":{"1":1,"2":20,"3":16,"4":2,"5":17,"6":23,"7":1,"8":1,"9":1,"10":1,"11":7,"12":0,"13":1,"14":2,"15":1,"16":1,"17":0,"18":1,"19":15,"20":28,"21":13,"22":1,"23":11,"24":1,"25":4,"26":1},"fnMap":{"1":{"name":"(anonymous_1)","line":15,"loc":{"start":{"line":15,"column":28},"end":{"line":15,"column":40}}},"2":{"name":"Vector","line":17,"loc":{"start":{"line":17,"column":4},"end":{"line":17,"column":30}}},"3":{"name":"(anonymous_3)","line":36,"loc":{"start":{"line":36,"column":28},"end":{"line":36,"column":40}}},"4":{"name":"(anonymous_4)","line":40,"loc":{"start":{"line":40,"column":38},"end":{"line":40,"column":50}}},"5":{"name":"(anonymous_5)","line":49,"loc":{"start":{"line":49,"column":33},"end":{"line":49,"column":50}}},"6":{"name":"(anonymous_6)","line":53,"loc":{"start":{"line":53,"column":39},"end":{"line":53,"column":63}}},"7":{"name":"(anonymous_7)","line":62,"loc":{"start":{"line":62,"column":27},"end":{"line":62,"column":44}}},"8":{"name":"(anonymous_8)","line":76,"loc":{"start":{"line":76,"column":27},"end":{"line":76,"column":44}}},"9":{"name":"(anonymous_9)","line":90,"loc":{"start":{"line":90,"column":27},"end":{"line":90,"column":44}}},"10":{"name":"(anonymous_10)","line":104,"loc":{"start":{"line":104,"column":30},"end":{"line":104,"column":43}}},"11":{"name":"(anonymous_11)","line":113,"loc":{"start":{"line":113,"column":32},"end":{"line":113,"column":44}}},"12":{"name":"(anonymous_12)","line":128,"loc":{"start":{"line":128,"column":39},"end":{"line":128,"column":54}}},"13":{"name":"(anonymous_13)","line":145,"loc":{"start":{"line":145,"column":28},"end":{"line":145,"column":40}}},"14":{"name":"(anonymous_14)","line":154,"loc":{"start":{"line":154,"column":29},"end":{"line":154,"column":46}}},"15":{"name":"unitBasisVector","line":175,"loc":{"start":{"line":175,"column":0},"end":{"line":175,"column":33}}},"16":{"name":"randomVectorInt","line":189,"loc":{"start":{"line":189,"column":0},"end":{"line":189,"column":34}}},"17":{"name":"randomVectorFloat","line":198,"loc":{"start":{"line":198,"column":0},"end":{"line":198,"column":36}}},"18":{"name":"(anonymous_18)","line":211,"loc":{"start":{"line":211,"column":28},"end":{"line":211,"column":40}}},"19":{"name":"Matrix","line":213,"loc":{"start":{"line":213,"column":4},"end":{"line":213,"column":37}}},"20":{"name":"(anonymous_20)","line":233,"loc":{"start":{"line":233,"column":33},"end":{"line":233,"column":49}}},"21":{"name":"(anonymous_21)","line":242,"loc":{"start":{"line":242,"column":39},"end":{"line":242,"column":62}}},"22":{"name":"(anonymous_22)","line":251,"loc":{"start":{"line":251,"column":32},"end":{"line":251,"column":44}}},"23":{"name":"(anonymous_23)","line":272,"loc":{"start":{"line":272,"column":33},"end":{"line":272,"column":45}}},"24":{"name":"(anonymous_24)","line":279,"loc":{"start":{"line":279,"column":27},"end":{"line":279,"column":44}}},"25":{"name":"(anonymous_25)","line":295,"loc":{"start":{"line":295,"column":29},"end":{"line":295,"column":46}}},"26":{"name":"(anonymous_26)","line":314,"loc":{"start":{"line":314,"column":30},"end":{"line":314,"column":43}}}},"statementMap":{"1":{"start":{"line":9,"column":0},"end":{"line":9,"column":26}},"2":{"start":{"line":15,"column":0},"end":{"line":171,"column":5}},"3":{"start":{"line":17,"column":4},"end":{"line":33,"column":5}},"4":{"start":{"line":18,"column":8},"end":{"line":18,"column":45}},"5":{"start":{"line":18,"column":32},"end":{"line":18,"column":43}},"6":{"start":{"line":19,"column":8},"end":{"line":19,"column":39}},"7":{"start":{"line":20,"column":8},"end":{"line":32,"column":9}},"8":{"start":{"line":21,"column":12},"end":{"line":23,"column":13}},"9":{"start":{"line":22,"column":16},"end":{"line":22,"column":41}},"10":{"start":{"line":26,"column":12},"end":{"line":31,"column":13}},"11":{"start":{"line":27,"column":16},"end":{"line":27,"column":40}},"12":{"start":{"line":30,"column":16},"end":{"line":30,"column":47}},"13":{"start":{"line":36,"column":4},"end":{"line":38,"column":6}},"14":{"start":{"line":37,"column":8},"end":{"line":37,"column":38}},"15":{"start":{"line":40,"column":4},"end":{"line":46,"column":6}},"16":{"start":{"line":41,"column":8},"end":{"line":41,"column":20}},"17":{"start":{"line":42,"column":8},"end":{"line":44,"column":9}},"18":{"start":{"line":43,"column":12},"end":{"line":43,"column":59}},"19":{"start":{"line":45,"column":8},"end":{"line":45,"column":30}},"20":{"start":{"line":49,"column":4},"end":{"line":51,"column":6}},"21":{"start":{"line":50,"column":8},"end":{"line":50,"column":38}},"22":{"start":{"line":53,"column":4},"end":{"line":60,"column":6}},"23":{"start":{"line":54,"column":8},"end":{"line":59,"column":9}},"24":{"start":{"line":55,"column":12},"end":{"line":55,"column":43}},"25":{"start":{"line":58,"column":12},"end":{"line":58,"column":58}},"26":{"start":{"line":62,"column":4},"end":{"line":74,"column":6}},"27":{"start":{"line":63,"column":8},"end":{"line":73,"column":9}},"28":{"start":{"line":64,"column":12},"end":{"line":64,"column":35}},"29":{"start":{"line":65,"column":12},"end":{"line":65,"column":39}},"30":{"start":{"line":66,"column":12},"end":{"line":68,"column":13}},"31":{"start":{"line":67,"column":16},"end":{"line":67,"column":82}},"32":{"start":{"line":69,"column":12},"end":{"line":69,"column":23}},"33":{"start":{"line":72,"column":12},"end":{"line":72,"column":53}},"34":{"start":{"line":76,"column":4},"end":{"line":88,"column":6}},"35":{"start":{"line":77,"column":8},"end":{"line":87,"column":9}},"36":{"start":{"line":78,"column":12},"end":{"line":78,"column":35}},"37":{"start":{"line":79,"column":12},"end":{"line":79,"column":39}},"38":{"start":{"line":80,"column":12},"end":{"line":82,"column":13}},"39":{"start":{"line":81,"column":16},"end":{"line":81,"column":82}},"40":{"start":{"line":83,"column":12},"end":{"line":83,"column":23}},"41":{"start":{"line":86,"column":12},"end":{"line":86,"column":53}},"42":{"start":{"line":90,"column":4},"end":{"line":102,"column":6}},"43":{"start":{"line":91,"column":8},"end":{"line":91,"column":20}},"44":{"start":{"line":92,"column":8},"end":{"line":101,"column":9}},"45":{"start":{"line":93,"column":12},"end":{"line":93,"column":36}},"46":{"start":{"line":94,"column":12},"end":{"line":96,"column":13}},"47":{"start":{"line":95,"column":16},"end":{"line":95,"column":63}},"48":{"start":{"line":97,"column":12},"end":{"line":97,"column":23}},"49":{"start":{"line":100,"column":12},"end":{"line":100,"column":54}},"50":{"start":{"line":104,"column":4},"end":{"line":111,"column":6}},"51":{"start":{"line":105,"column":8},"end":{"line":105,"column":31}},"52":{"start":{"line":106,"column":8},"end":{"line":106,"column":35}},"53":{"start":{"line":107,"column":8},"end":{"line":109,"column":9}},"54":{"start":{"line":108,"column":12},"end":{"line":108,"column":61}},"55":{"start":{"line":110,"column":8},"end":{"line":110,"column":19}},"56":{"start":{"line":113,"column":4},"end":{"line":125,"column":6}},"57":{"start":{"line":114,"column":8},"end":{"line":114,"column":22}},"58":{"start":{"line":115,"column":8},"end":{"line":115,"column":42}},"59":{"start":{"line":116,"column":8},"end":{"line":123,"column":9}},"60":{"start":{"line":117,"column":12},"end":{"line":122,"column":13}},"61":{"start":{"line":118,"column":16},"end":{"line":118,"column":48}},"62":{"start":{"line":121,"column":16},"end":{"line":121,"column":48}},"63":{"start":{"line":124,"column":8},"end":{"line":124,"column":19}},"64":{"start":{"line":128,"column":4},"end":{"line":143,"column":6}},"65":{"start":{"line":129,"column":8},"end":{"line":141,"column":9}},"66":{"start":{"line":130,"column":12},"end":{"line":137,"column":13}},"67":{"start":{"line":131,"column":16},"end":{"line":136,"column":17}},"68":{"start":{"line":132,"column":20},"end":{"line":132,"column":45}},"69":{"start":{"line":135,"column":20},"end":{"line":135,"column":45}},"70":{"start":{"line":140,"column":12},"end":{"line":140,"column":57}},"71":{"start":{"line":142,"column":8},"end":{"line":142,"column":20}},"72":{"start":{"line":145,"column":4},"end":{"line":152,"column":6}},"73":{"start":{"line":146,"column":8},"end":{"line":146,"column":31}},"74":{"start":{"line":147,"column":8},"end":{"line":147,"column":51}},"75":{"start":{"line":148,"column":8},"end":{"line":150,"column":9}},"76":{"start":{"line":149,"column":12},"end":{"line":149,"column":63}},"77":{"start":{"line":151,"column":8},"end":{"line":151,"column":20}},"78":{"start":{"line":154,"column":4},"end":{"line":169,"column":6}},"79":{"start":{"line":155,"column":8},"end":{"line":155,"column":23}},"80":{"start":{"line":156,"column":8},"end":{"line":156,"column":31}},"81":{"start":{"line":157,"column":8},"end":{"line":157,"column":28}},"82":{"start":{"line":158,"column":8},"end":{"line":167,"column":9}},"83":{"start":{"line":159,"column":12},"end":{"line":163,"column":13}},"84":{"start":{"line":160,"column":16},"end":{"line":162,"column":17}},"85":{"start":{"line":161,"column":20},"end":{"line":161,"column":32}},"86":{"start":{"line":166,"column":12},"end":{"line":166,"column":24}},"87":{"start":{"line":168,"column":8},"end":{"line":168,"column":19}},"88":{"start":{"line":170,"column":4},"end":{"line":170,"column":18}},"89":{"start":{"line":172,"column":0},"end":{"line":172,"column":24}},"90":{"start":{"line":175,"column":0},"end":{"line":186,"column":1}},"91":{"start":{"line":176,"column":4},"end":{"line":176,"column":28}},"92":{"start":{"line":177,"column":4},"end":{"line":184,"column":5}},"93":{"start":{"line":178,"column":8},"end":{"line":183,"column":9}},"94":{"start":{"line":179,"column":12},"end":{"line":179,"column":40}},"95":{"start":{"line":182,"column":12},"end":{"line":182,"column":38}},"96":{"start":{"line":185,"column":4},"end":{"line":185,"column":15}},"97":{"start":{"line":187,"column":0},"end":{"line":187,"column":42}},"98":{"start":{"line":189,"column":0},"end":{"line":195,"column":1}},"99":{"start":{"line":190,"column":4},"end":{"line":190,"column":28}},"100":{"start":{"line":191,"column":4},"end":{"line":193,"column":5}},"101":{"start":{"line":192,"column":8},"end":{"line":192,"column":70}},"102":{"start":{"line":194,"column":4},"end":{"line":194,"column":15}},"103":{"start":{"line":196,"column":0},"end":{"line":196,"column":42}},"104":{"start":{"line":198,"column":0},"end":{"line":204,"column":1}},"105":{"start":{"line":199,"column":4},"end":{"line":199,"column":28}},"106":{"start":{"line":200,"column":4},"end":{"line":202,"column":5}},"107":{"start":{"line":201,"column":8},"end":{"line":201,"column":58}},"108":{"start":{"line":203,"column":4},"end":{"line":203,"column":15}},"109":{"start":{"line":205,"column":0},"end":{"line":205,"column":46}},"110":{"start":{"line":211,"column":0},"end":{"line":324,"column":5}},"111":{"start":{"line":213,"column":4},"end":{"line":231,"column":5}},"112":{"start":{"line":214,"column":8},"end":{"line":214,"column":45}},"113":{"start":{"line":214,"column":32},"end":{"line":214,"column":43}},"114":{"start":{"line":215,"column":8},"end":{"line":228,"column":9}},"115":{"start":{"line":216,"column":12},"end":{"line":216,"column":38}},"116":{"start":{"line":217,"column":12},"end":{"line":217,"column":40}},"117":{"start":{"line":218,"column":12},"end":{"line":224,"column":13}},"118":{"start":{"line":219,"column":16},"end":{"line":221,"column":17}},"119":{"start":{"line":220,"column":20},"end":{"line":220,"column":37}},"120":{"start":{"line":222,"column":16},"end":{"line":222,"column":43}},"121":{"start":{"line":223,"column":16},"end":{"line":223,"column":40}},"122":{"start":{"line":227,"column":12},"end":{"line":227,"column":32}},"123":{"start":{"line":229,"column":8},"end":{"line":229,"column":24}},"124":{"start":{"line":230,"column":8},"end":{"line":230,"column":24}},"125":{"start":{"line":233,"column":4},"end":{"line":240,"column":6}},"126":{"start":{"line":234,"column":8},"end":{"line":239,"column":9}},"127":{"start":{"line":235,"column":12},"end":{"line":235,"column":37}},"128":{"start":{"line":238,"column":12},"end":{"line":238,"column":62}},"129":{"start":{"line":242,"column":4},"end":{"line":249,"column":6}},"130":{"start":{"line":243,"column":8},"end":{"line":248,"column":9}},"131":{"start":{"line":244,"column":12},"end":{"line":244,"column":38}},"132":{"start":{"line":247,"column":12},"end":{"line":247,"column":68}},"133":{"start":{"line":251,"column":4},"end":{"line":270,"column":6}},"134":{"start":{"line":252,"column":8},"end":{"line":252,"column":21}},"135":{"start":{"line":253,"column":8},"end":{"line":268,"column":9}},"136":{"start":{"line":254,"column":12},"end":{"line":254,"column":23}},"137":{"start":{"line":255,"column":12},"end":{"line":267,"column":13}},"138":{"start":{"line":256,"column":16},"end":{"line":266,"column":17}},"139":{"start":{"line":257,"column":20},"end":{"line":257,"column":51}},"140":{"start":{"line":260,"column":20},"end":{"line":265,"column":21}},"141":{"start":{"line":261,"column":24},"end":{"line":261,"column":57}},"142":{"start":{"line":264,"column":24},"end":{"line":264,"column":55}},"143":{"start":{"line":269,"column":8},"end":{"line":269,"column":19}},"144":{"start":{"line":272,"column":4},"end":{"line":277,"column":6}},"145":{"start":{"line":273,"column":8},"end":{"line":273,"column":30}},"146":{"start":{"line":274,"column":8},"end":{"line":274,"column":27}},"147":{"start":{"line":275,"column":8},"end":{"line":275,"column":27}},"148":{"start":{"line":276,"column":8},"end":{"line":276,"column":19}},"149":{"start":{"line":279,"column":4},"end":{"line":293,"column":6}},"150":{"start":{"line":280,"column":8},"end":{"line":292,"column":9}},"151":{"start":{"line":282,"column":12},"end":{"line":282,"column":55}},"152":{"start":{"line":283,"column":12},"end":{"line":287,"column":13}},"153":{"start":{"line":284,"column":16},"end":{"line":286,"column":17}},"154":{"start":{"line":285,"column":20},"end":{"line":285,"column":91}},"155":{"start":{"line":288,"column":12},"end":{"line":288,"column":23}},"156":{"start":{"line":291,"column":12},"end":{"line":291,"column":71}},"157":{"start":{"line":295,"column":4},"end":{"line":312,"column":6}},"158":{"start":{"line":296,"column":8},"end":{"line":296,"column":23}},"159":{"start":{"line":297,"column":8},"end":{"line":297,"column":28}},"160":{"start":{"line":298,"column":8},"end":{"line":310,"column":9}},"161":{"start":{"line":300,"column":12},"end":{"line":306,"column":13}},"162":{"start":{"line":301,"column":16},"end":{"line":305,"column":17}},"163":{"start":{"line":302,"column":20},"end":{"line":304,"column":21}},"164":{"start":{"line":303,"column":24},"end":{"line":303,"column":36}},"165":{"start":{"line":309,"column":12},"end":{"line":309,"column":24}},"166":{"start":{"line":311,"column":8},"end":{"line":311,"column":19}},"167":{"start":{"line":314,"column":4},"end":{"line":322,"column":6}},"168":{"start":{"line":315,"column":8},"end":{"line":315,"column":51}},"169":{"start":{"line":316,"column":8},"end":{"line":320,"column":9}},"170":{"start":{"line":317,"column":12},"end":{"line":319,"column":13}},"171":{"start":{"line":318,"column":16},"end":{"line":318,"column":67}},"172":{"start":{"line":321,"column":8},"end":{"line":321,"column":19}},"173":{"start":{"line":323,"column":4},"end":{"line":323,"column":18}},"174":{"start":{"line":325,"column":0},"end":{"line":325,"column":24}}},"branchMap":{"1":{"line":18,"type":"if","locations":[{"start":{"line":18,"column":8},"end":{"line":18,"column":8}},{"start":{"line":18,"column":8},"end":{"line":18,"column":8}}]},"2":{"line":20,"type":"if","locations":[{"start":{"line":20,"column":8},"end":{"line":20,"column":8}},{"start":{"line":20,"column":8},"end":{"line":20,"column":8}}]},"3":{"line":26,"type":"if","locations":[{"start":{"line":26,"column":12},"end":{"line":26,"column":12}},{"start":{"line":26,"column":12},"end":{"line":26,"column":12}}]},"4":{"line":54,"type":"if","locations":[{"start":{"line":54,"column":8},"end":{"line":54,"column":8}},{"start":{"line":54,"column":8},"end":{"line":54,"column":8}}]},"5":{"line":54,"type":"binary-expr","locations":[{"start":{"line":54,"column":12},"end":{"line":54,"column":22}},{"start":{"line":54,"column":26},"end":{"line":54,"column":56}}]},"6":{"line":63,"type":"if","locations":[{"start":{"line":63,"column":8},"end":{"line":63,"column":8}},{"start":{"line":63,"column":8},"end":{"line":63,"column":8}}]},"7":{"line":77,"type":"if","locations":[{"start":{"line":77,"column":8},"end":{"line":77,"column":8}},{"start":{"line":77,"column":8},"end":{"line":77,"column":8}}]},"8":{"line":92,"type":"if","locations":[{"start":{"line":92,"column":8},"end":{"line":92,"column":8}},{"start":{"line":92,"column":8},"end":{"line":92,"column":8}}]},"9":{"line":117,"type":"if","locations":[{"start":{"line":117,"column":12},"end":{"line":117,"column":12}},{"start":{"line":117,"column":12},"end":{"line":117,"column":12}}]},"10":{"line":129,"type":"if","locations":[{"start":{"line":129,"column":8},"end":{"line":129,"column":8}},{"start":{"line":129,"column":8},"end":{"line":129,"column":8}}]},"11":{"line":129,"type":"binary-expr","locations":[{"start":{"line":129,"column":12},"end":{"line":129,"column":20}},{"start":{"line":129,"column":24},"end":{"line":129,"column":52}}]},"12":{"line":131,"type":"if","locations":[{"start":{"line":131,"column":16},"end":{"line":131,"column":16}},{"start":{"line":131,"column":16},"end":{"line":131,"column":16}}]},"13":{"line":158,"type":"if","locations":[{"start":{"line":158,"column":8},"end":{"line":158,"column":8}},{"start":{"line":158,"column":8},"end":{"line":158,"column":8}}]},"14":{"line":160,"type":"if","locations":[{"start":{"line":160,"column":16},"end":{"line":160,"column":16}},{"start":{"line":160,"column":16},"end":{"line":160,"column":16}}]},"15":{"line":178,"type":"if","locations":[{"start":{"line":178,"column":8},"end":{"line":178,"column":8}},{"start":{"line":178,"column":8},"end":{"line":178,"column":8}}]},"16":{"line":214,"type":"if","locations":[{"start":{"line":214,"column":8},"end":{"line":214,"column":8}},{"start":{"line":214,"column":8},"end":{"line":214,"column":8}}]},"17":{"line":215,"type":"if","locations":[{"start":{"line":215,"column":8},"end":{"line":215,"column":8}},{"start":{"line":215,"column":8},"end":{"line":215,"column":8}}]},"18":{"line":234,"type":"if","locations":[{"start":{"line":234,"column":8},"end":{"line":234,"column":8}},{"start":{"line":234,"column":8},"end":{"line":234,"column":8}}]},"19":{"line":234,"type":"binary-expr","locations":[{"start":{"line":234,"column":12},"end":{"line":234,"column":18}},{"start":{"line":234,"column":22},"end":{"line":234,"column":35}},{"start":{"line":234,"column":39},"end":{"line":234,"column":45}},{"start":{"line":234,"column":49},"end":{"line":234,"column":62}}]},"20":{"line":243,"type":"if","locations":[{"start":{"line":243,"column":8},"end":{"line":243,"column":8}},{"start":{"line":243,"column":8},"end":{"line":243,"column":8}}]},"21":{"line":243,"type":"binary-expr","locations":[{"start":{"line":243,"column":12},"end":{"line":243,"column":18}},{"start":{"line":243,"column":22},"end":{"line":243,"column":35}},{"start":{"line":243,"column":39},"end":{"line":243,"column":45}},{"start":{"line":243,"column":49},"end":{"line":243,"column":62}}]},"22":{"line":256,"type":"if","locations":[{"start":{"line":256,"column":16},"end":{"line":256,"column":16}},{"start":{"line":256,"column":16},"end":{"line":256,"column":16}}]},"23":{"line":260,"type":"if","locations":[{"start":{"line":260,"column":20},"end":{"line":260,"column":20}},{"start":{"line":260,"column":20},"end":{"line":260,"column":20}}]},"24":{"line":280,"type":"if","locations":[{"start":{"line":280,"column":8},"end":{"line":280,"column":8}},{"start":{"line":280,"column":8},"end":{"line":280,"column":8}}]},"25":{"line":280,"type":"binary-expr","locations":[{"start":{"line":280,"column":12},"end":{"line":280,"column":45}},{"start":{"line":281,"column":15},"end":{"line":281,"column":48}}]},"26":{"line":298,"type":"if","locations":[{"start":{"line":298,"column":8},"end":{"line":298,"column":8}},{"start":{"line":298,"column":8},"end":{"line":298,"column":8}}]},"27":{"line":298,"type":"binary-expr","locations":[{"start":{"line":298,"column":12},"end":{"line":298,"column":45}},{"start":{"line":299,"column":15},"end":{"line":299,"column":48}}]},"28":{"line":302,"type":"if","locations":[{"start":{"line":302,"column":20},"end":{"line":302,"column":20}},{"start":{"line":302,"column":20},"end":{"line":302,"column":20}}]}},"l":{"9":1,"15":1,"17":1,"18":20,"19":20,"20":20,"21":5,"22":22,"26":15,"27":15,"30":0,"36":1,"37":16,"40":1,"41":2,"42":2,"43":7,"45":2,"49":1,"50":17,"53":1,"54":23,"55":23,"58":0,"62":1,"63":1,"64":1,"65":1,"66":1,"67":3,"69":1,"72":0,"76":1,"77":1,"78":1,"79":1,"80":1,"81":3,"83":1,"86":0,"90":1,"91":1,"92":1,"93":1,"94":1,"95":3,"97":1,"100":0,"104":1,"105":1,"106":1,"107":1,"108":3,"110":1,"113":1,"114":7,"115":7,"116":7,"117":22,"118":15,"121":7,"124":7,"128":1,"129":0,"130":0,"131":0,"132":0,"135":0,"140":0,"142":0,"145":1,"146":1,"147":1,"148":1,"149":4,"151":1,"154":1,"155":2,"156":2,"157":2,"158":2,"159":2,"160":6,"161":1,"166":0,"168":2,"170":1,"172":1,"175":1,"176":1,"177":1,"178":3,"179":1,"182":2,"185":1,"187":1,"189":1,"190":1,"191":1,"192":10,"194":1,"196":1,"198":1,"199":0,"200":0,"201":0,"203":0,"205":1,"211":1,"213":1,"214":15,"215":15,"216":3,"217":3,"218":3,"219":8,"220":16,"222":8,"223":8,"227":12,"229":15,"230":15,"233":1,"234":28,"235":28,"238":0,"242":1,"243":13,"244":13,"247":0,"251":1,"252":1,"253":1,"254":2,"255":2,"256":4,"257":2,"260":2,"261":1,"264":1,"269":1,"272":1,"273":11,"274":11,"275":11,"276":11,"279":1,"280":1,"282":1,"283":1,"284":3,"285":6,"288":1,"291":0,"295":1,"296":4,"297":4,"298":4,"300":3,"301":8,"302":16,"303":1,"309":1,"311":4,"314":1,"315":1,"316":1,"317":3,"318":6,"321":1,"323":1,"325":1}}}
