TN:
SF:C:\Users\user\Desktop\2CS_SIL-20191014T093738Z-001\2CS_SIL\S1\OUTILS-Outils_GL\gulpProject\TP_FOLDER\exo2\src\la_lib.js
FN:15,(anonymous_1)
FN:17,Vector
FN:36,(anonymous_3)
FN:40,(anonymous_4)
FN:49,(anonymous_5)
FN:53,(anonymous_6)
FN:62,(anonymous_7)
FN:76,(anonymous_8)
FN:90,(anonymous_9)
FN:104,(anonymous_10)
FN:113,(anonymous_11)
FN:128,(anonymous_12)
FN:145,(anonymous_13)
FN:154,(anonymous_14)
FN:175,unitBasisVector
FN:189,randomVectorInt
FN:198,randomVectorFloat
FN:211,(anonymous_18)
FN:213,Matrix
FN:233,(anonymous_20)
FN:242,(anonymous_21)
FN:251,(anonymous_22)
FN:272,(anonymous_23)
FN:279,(anonymous_24)
FN:295,(anonymous_25)
FN:314,(anonymous_26)
FNF:26
FNH:24
FNDA:1,(anonymous_1)
FNDA:20,Vector
FNDA:16,(anonymous_3)
FNDA:2,(anonymous_4)
FNDA:17,(anonymous_5)
FNDA:23,(anonymous_6)
FNDA:1,(anonymous_7)
FNDA:1,(anonymous_8)
FNDA:1,(anonymous_9)
FNDA:1,(anonymous_10)
FNDA:7,(anonymous_11)
FNDA:0,(anonymous_12)
FNDA:1,(anonymous_13)
FNDA:2,(anonymous_14)
FNDA:1,unitBasisVector
FNDA:1,randomVectorInt
FNDA:0,randomVectorFloat
FNDA:1,(anonymous_18)
FNDA:15,Matrix
FNDA:28,(anonymous_20)
FNDA:13,(anonymous_21)
FNDA:1,(anonymous_22)
FNDA:11,(anonymous_23)
FNDA:1,(anonymous_24)
FNDA:4,(anonymous_25)
FNDA:1,(anonymous_26)
DA:9,1
DA:15,1
DA:17,1
DA:18,20
DA:19,20
DA:20,20
DA:21,5
DA:22,22
DA:26,15
DA:27,15
DA:30,0
DA:36,1
DA:37,16
DA:40,1
DA:41,2
DA:42,2
DA:43,7
DA:45,2
DA:49,1
DA:50,17
DA:53,1
DA:54,23
DA:55,23
DA:58,0
DA:62,1
DA:63,1
DA:64,1
DA:65,1
DA:66,1
DA:67,3
DA:69,1
DA:72,0
DA:76,1
DA:77,1
DA:78,1
DA:79,1
DA:80,1
DA:81,3
DA:83,1
DA:86,0
DA:90,1
DA:91,1
DA:92,1
DA:93,1
DA:94,1
DA:95,3
DA:97,1
DA:100,0
DA:104,1
DA:105,1
DA:106,1
DA:107,1
DA:108,3
DA:110,1
DA:113,1
DA:114,7
DA:115,7
DA:116,7
DA:117,22
DA:118,15
DA:121,7
DA:124,7
DA:128,1
DA:129,0
DA:130,0
DA:131,0
DA:132,0
DA:135,0
DA:140,0
DA:142,0
DA:145,1
DA:146,1
DA:147,1
DA:148,1
DA:149,4
DA:151,1
DA:154,1
DA:155,2
DA:156,2
DA:157,2
DA:158,2
DA:159,2
DA:160,6
DA:161,1
DA:166,0
DA:168,2
DA:170,1
DA:172,1
DA:175,1
DA:176,1
DA:177,1
DA:178,3
DA:179,1
DA:182,2
DA:185,1
DA:187,1
DA:189,1
DA:190,1
DA:191,1
DA:192,10
DA:194,1
DA:196,1
DA:198,1
DA:199,0
DA:200,0
DA:201,0
DA:203,0
DA:205,1
DA:211,1
DA:213,1
DA:214,15
DA:215,15
DA:216,3
DA:217,3
DA:218,3
DA:219,8
DA:220,16
DA:222,8
DA:223,8
DA:227,12
DA:229,15
DA:230,15
DA:233,1
DA:234,28
DA:235,28
DA:238,0
DA:242,1
DA:243,13
DA:244,13
DA:247,0
DA:251,1
DA:252,1
DA:253,1
DA:254,2
DA:255,2
DA:256,4
DA:257,2
DA:260,2
DA:261,1
DA:264,1
DA:269,1
DA:272,1
DA:273,11
DA:274,11
DA:275,11
DA:276,11
DA:279,1
DA:280,1
DA:282,1
DA:283,1
DA:284,3
DA:285,6
DA:288,1
DA:291,0
DA:295,1
DA:296,4
DA:297,4
DA:298,4
DA:300,3
DA:301,8
DA:302,16
DA:303,1
DA:309,1
DA:311,4
DA:314,1
DA:315,1
DA:316,1
DA:317,3
DA:318,6
DA:321,1
DA:323,1
DA:325,1
LF:172
LH:152
BRDA:18,1,0,5
BRDA:18,1,1,15
BRDA:20,2,0,5
BRDA:20,2,1,15
BRDA:26,3,0,15
BRDA:26,3,1,0
BRDA:54,4,0,23
BRDA:54,4,1,0
BRDA:54,5,0,23
BRDA:54,5,1,23
BRDA:63,6,0,1
BRDA:63,6,1,0
BRDA:77,7,0,1
BRDA:77,7,1,0
BRDA:92,8,0,1
BRDA:92,8,1,0
BRDA:117,9,0,15
BRDA:117,9,1,7
BRDA:129,10,0,0
BRDA:129,10,1,0
BRDA:129,11,0,0
BRDA:129,11,1,0
BRDA:131,12,0,0
BRDA:131,12,1,0
BRDA:158,13,0,2
BRDA:158,13,1,0
BRDA:160,14,0,1
BRDA:160,14,1,5
BRDA:178,15,0,1
BRDA:178,15,1,2
BRDA:214,16,0,3
BRDA:214,16,1,12
BRDA:215,17,0,3
BRDA:215,17,1,12
BRDA:234,18,0,28
BRDA:234,18,1,0
BRDA:234,19,0,28
BRDA:234,19,1,28
BRDA:234,19,2,28
BRDA:234,19,3,28
BRDA:243,20,0,13
BRDA:243,20,1,0
BRDA:243,21,0,13
BRDA:243,21,1,13
BRDA:243,21,2,13
BRDA:243,21,3,13
BRDA:256,22,0,2
BRDA:256,22,1,2
BRDA:260,23,0,1
BRDA:260,23,1,1
BRDA:280,24,0,1
BRDA:280,24,1,0
BRDA:280,25,0,1
BRDA:280,25,1,1
BRDA:298,26,0,3
BRDA:298,26,1,1
BRDA:298,27,0,4
BRDA:298,27,1,3
BRDA:302,28,0,1
BRDA:302,28,1,15
BRF:60
BRH:45
end_of_record
